<?xml version="1.0" encoding="UTF-8"?>
<!-- Generated by org.testng.reporters.JUnitReportReporter -->
<testsuite hostname="admin-PC" failures="0" tests="2" name="hey.Geck" time="0.019" errors="0" timestamp="2022-05-12T09:43:30 IST" skipped="0">
  <testcase classname="hey.Geck" name="Test1" time="0.016"/>
  <system-out/>
  <testcase classname="hey.Geck" name="Test" time="0.003"/>
  <system-out/>
</testsuite> <!-- hey.Geck -->
