<?xml version="1.0" encoding="UTF-8"?>
<!-- Generated by org.testng.reporters.JUnitReportReporter -->
<testsuite hostname="admin-PC" failures="0" tests="1" name="A" time="8.778" errors="0" timestamp="2022-04-05T14:14:54 IST" skipped="0">
  <testcase classname="A" name="verifyName" time="8.778"/>
  <system-out/>
</testsuite> <!-- A -->
