<?xml version="1.0" encoding="UTF-8"?>
<!-- Generated by org.testng.reporters.JUnitReportReporter -->
<testsuite hostname="admin-PC" failures="0" tests="1" name="hey.Chr" time="0.011" errors="0" timestamp="2022-05-12T09:50:11 IST" skipped="0">
  <testcase classname="hey.Chr" name="Te" time="0.011"/>
  <system-out/>
</testsuite> <!-- hey.Chr -->
